<?xml version="1.0" encoding="UTF-8"?>
<testsuite xmlns:xsi="http://www.w3.org/2001/XMLSchema-instance" xsi:noNamespaceSchemaLocation="https://maven.apache.org/surefire/maven-surefire-plugin/xsd/surefire-test-report.xsd" name="org.sonatype.mavenbook.weather.YahooParserTest" time="0.001" tests="1" errors="0" skipped="0" failures="0">
  <properties>
    <property name="sun.desktop" value="windows"/>
    <property name="awt.toolkit" value="sun.awt.windows.WToolkit"/>
    <property name="file.encoding.pkg" value="sun.io"/>
    <property name="java.specification.version" value="1.8"/>
    <property name="sun.cpu.isalist" value="amd64"/>
    <property name="sun.jnu.encoding" value="Cp1252"/>
    <property name="java.class.path" value="D:\eclipse_tests\ch-custom\simple-weather\target\test-classes;D:\eclipse_tests\ch-custom\simple-weather\target\classes;C:\Users\bum39705\.m2\repository\log4j\log4j\1.2.14\log4j-1.2.14.jar;C:\Users\bum39705\.m2\repository\dom4j\dom4j\1.6.1\dom4j-1.6.1.jar;C:\Users\bum39705\.m2\repository\xml-apis\xml-apis\1.0.b2\xml-apis-1.0.b2.jar;C:\Users\bum39705\.m2\repository\jaxen\jaxen\1.1.1\jaxen-1.1.1.jar;C:\Users\bum39705\.m2\repository\jdom\jdom\1.0\jdom-1.0.jar;C:\Users\bum39705\.m2\repository\xerces\xercesImpl\2.6.2\xercesImpl-2.6.2.jar;C:\Users\bum39705\.m2\repository\xom\xom\1.0\xom-1.0.jar;C:\Users\bum39705\.m2\repository\xerces\xmlParserAPIs\2.6.2\xmlParserAPIs-2.6.2.jar;C:\Users\bum39705\.m2\repository\xalan\xalan\2.6.0\xalan-2.6.0.jar;C:\Users\bum39705\.m2\repository\com\ibm\icu\icu4j\2.6.1\icu4j-2.6.1.jar;C:\Users\bum39705\.m2\repository\velocity\velocity\1.5\velocity-1.5.jar;C:\Users\bum39705\.m2\repository\commons-collections\commons-collections\3.1\commons-collections-3.1.jar;C:\Users\bum39705\.m2\repository\commons-lang\commons-lang\2.1\commons-lang-2.1.jar;C:\Users\bum39705\.m2\repository\oro\oro\2.0.8\oro-2.0.8.jar;C:\Users\bum39705\.m2\repository\commons-io\commons-io\1.3.2\commons-io-1.3.2.jar;C:\Users\bum39705\.m2\repository\junit\junit\4.12\junit-4.12.jar;C:\Users\bum39705\.m2\repository\org\hamcrest\hamcrest-core\1.3\hamcrest-core-1.3.jar;"/>
    <property name="java.vm.vendor" value="Oracle Corporation"/>
    <property name="sun.arch.data.model" value="64"/>
    <property name="user.variant" value=""/>
    <property name="java.vendor.url" value="http://java.oracle.com/"/>
    <property name="user.timezone" value="Europe/Berlin"/>
    <property name="java.vm.specification.version" value="1.8"/>
    <property name="os.name" value="Windows 10"/>
    <property name="user.country" value="DE"/>
    <property name="sun.java.launcher" value="SUN_STANDARD"/>
    <property name="sun.boot.library.path" value="C:\Program Files\Java\jre1.8.0_202\bin"/>
    <property name="sun.java.command" value="C:\Users\bum39705\AppData\Local\Temp\surefire4061091059279727054\surefirebooter1255674590255489347.jar C:\Users\bum39705\AppData\Local\Temp\surefire4061091059279727054 2020-04-21T10-47-56_471-jvmRun1 surefire9037653636102474139tmp surefire_02440023241190494903tmp"/>
    <property name="surefire.test.class.path" value="D:\eclipse_tests\ch-custom\simple-weather\target\test-classes;D:\eclipse_tests\ch-custom\simple-weather\target\classes;C:\Users\bum39705\.m2\repository\log4j\log4j\1.2.14\log4j-1.2.14.jar;C:\Users\bum39705\.m2\repository\dom4j\dom4j\1.6.1\dom4j-1.6.1.jar;C:\Users\bum39705\.m2\repository\xml-apis\xml-apis\1.0.b2\xml-apis-1.0.b2.jar;C:\Users\bum39705\.m2\repository\jaxen\jaxen\1.1.1\jaxen-1.1.1.jar;C:\Users\bum39705\.m2\repository\jdom\jdom\1.0\jdom-1.0.jar;C:\Users\bum39705\.m2\repository\xerces\xercesImpl\2.6.2\xercesImpl-2.6.2.jar;C:\Users\bum39705\.m2\repository\xom\xom\1.0\xom-1.0.jar;C:\Users\bum39705\.m2\repository\xerces\xmlParserAPIs\2.6.2\xmlParserAPIs-2.6.2.jar;C:\Users\bum39705\.m2\repository\xalan\xalan\2.6.0\xalan-2.6.0.jar;C:\Users\bum39705\.m2\repository\com\ibm\icu\icu4j\2.6.1\icu4j-2.6.1.jar;C:\Users\bum39705\.m2\repository\velocity\velocity\1.5\velocity-1.5.jar;C:\Users\bum39705\.m2\repository\commons-collections\commons-collections\3.1\commons-collections-3.1.jar;C:\Users\bum39705\.m2\repository\commons-lang\commons-lang\2.1\commons-lang-2.1.jar;C:\Users\bum39705\.m2\repository\oro\oro\2.0.8\oro-2.0.8.jar;C:\Users\bum39705\.m2\repository\commons-io\commons-io\1.3.2\commons-io-1.3.2.jar;C:\Users\bum39705\.m2\repository\junit\junit\4.12\junit-4.12.jar;C:\Users\bum39705\.m2\repository\org\hamcrest\hamcrest-core\1.3\hamcrest-core-1.3.jar;"/>
    <property name="sun.cpu.endian" value="little"/>
    <property name="user.home" value="C:\Users\bum39705"/>
    <property name="user.language" value="de"/>
    <property name="java.specification.vendor" value="Oracle Corporation"/>
    <property name="java.home" value="C:\Program Files\Java\jre1.8.0_202"/>
    <property name="basedir" value="D:\eclipse_tests\ch-custom\simple-weather"/>
    <property name="file.separator" value="\"/>
    <property name="line.separator" value="&#10;"/>
    <property name="java.vm.specification.vendor" value="Oracle Corporation"/>
    <property name="java.specification.name" value="Java Platform API Specification"/>
    <property name="java.awt.graphicsenv" value="sun.awt.Win32GraphicsEnvironment"/>
    <property name="surefire.real.class.path" value="C:\Users\bum39705\AppData\Local\Temp\surefire4061091059279727054\surefirebooter1255674590255489347.jar"/>
    <property name="sun.boot.class.path" value="C:\Program Files\Java\jre1.8.0_202\lib\resources.jar;C:\Program Files\Java\jre1.8.0_202\lib\rt.jar;C:\Program Files\Java\jre1.8.0_202\lib\sunrsasign.jar;C:\Program Files\Java\jre1.8.0_202\lib\jsse.jar;C:\Program Files\Java\jre1.8.0_202\lib\jce.jar;C:\Program Files\Java\jre1.8.0_202\lib\charsets.jar;C:\Program Files\Java\jre1.8.0_202\lib\jfr.jar;C:\Program Files\Java\jre1.8.0_202\classes"/>
    <property name="user.script" value=""/>
    <property name="sun.management.compiler" value="HotSpot 64-Bit Tiered Compilers"/>
    <property name="java.runtime.version" value="1.8.0_202-b08"/>
    <property name="user.name" value="bum39705"/>
    <property name="path.separator" value=";"/>
    <property name="os.version" value="10.0"/>
    <property name="java.endorsed.dirs" value="C:\Program Files\Java\jre1.8.0_202\lib\endorsed"/>
    <property name="java.runtime.name" value="Java(TM) SE Runtime Environment"/>
    <property name="file.encoding" value="Cp1252"/>
    <property name="java.vm.name" value="Java HotSpot(TM) 64-Bit Server VM"/>
    <property name="localRepository" value="C:\Users\bum39705\.m2\repository"/>
    <property name="java.vendor.url.bug" value="http://bugreport.sun.com/bugreport/"/>
    <property name="java.io.tmpdir" value="C:\Users\bum39705\AppData\Local\Temp\"/>
    <property name="java.version" value="1.8.0_202"/>
    <property name="user.dir" value="D:\eclipse_tests\ch-custom\simple-weather"/>
    <property name="os.arch" value="amd64"/>
    <property name="java.vm.specification.name" value="Java Virtual Machine Specification"/>
    <property name="java.awt.printerjob" value="sun.awt.windows.WPrinterJob"/>
    <property name="sun.os.patch.level" value=""/>
    <property name="java.library.path" value="C:\Program Files\Java\jre1.8.0_202\bin;C:\WINDOWS\Sun\Java\bin;C:\WINDOWS\system32;C:\WINDOWS;C:/Program Files/Java/jre1.8.0_202/bin/server;C:/Program Files/Java/jre1.8.0_202/bin;C:/Program Files/Java/jre1.8.0_202/lib/amd64;C:\Program Files (x86)\Common Files\Oracle\Java\javapath;C:\WINDOWS\system32;C:\WINDOWS;C:\WINDOWS\System32\Wbem;C:\WINDOWS\System32\WindowsPowerShell\v1.0\;C:\WINDOWS\System32\OpenSSH\;C:\Program Files\MiKTeX 2.9\miktex\bin\x64\;C:\Program Files (x86)\CodeBlocks\MinGW\bin;D:\maven\apache-maven-3.6.3\bin;C:\Program Files\Docker\Docker\resources\bin;C:\ProgramData\DockerDesktop\version-bin;D:\apache_subversion\bin;C:\Users\bum39705\AppData\Local\Microsoft\WindowsApps;D:\Programme\git\Git\cmd;C:\WINDOWS\system32;;."/>
    <property name="java.vm.info" value="mixed mode"/>
    <property name="java.vendor" value="Oracle Corporation"/>
    <property name="java.vm.version" value="25.202-b08"/>
    <property name="java.ext.dirs" value="C:\Program Files\Java\jre1.8.0_202\lib\ext;C:\WINDOWS\Sun\Java\lib\ext"/>
    <property name="sun.io.unicode.encoding" value="UnicodeLittle"/>
    <property name="java.class.version" value="52.0"/>
  </properties>
  <testcase name="testParser" classname="org.sonatype.mavenbook.weather.YahooParserTest" time="0.001"/>
</testsuite>