<?xml version="1.0" encoding="UTF-8"?>
<testsuite xmlns:xsi="http://www.w3.org/2001/XMLSchema-instance" xsi:noNamespaceSchemaLocation="https://maven.apache.org/surefire/maven-surefire-plugin/xsd/surefire-test-report.xsd" name="org.sonatype.mavenbook.weather.YahooParserTest" time="0.007" tests="1" errors="0" skipped="0" failures="0">
  <properties>
    <property name="java.specification.version" value="13"/>
    <property name="sun.cpu.isalist" value="amd64"/>
    <property name="sun.jnu.encoding" value="Cp1252"/>
    <property name="java.class.path" value="D:\maventests\multifromscratch\simple-weather\target\test-classes;D:\maventests\multifromscratch\simple-weather\target\classes;C:\Users\bum39705\.m2\repository\log4j\log4j\1.2.14\log4j-1.2.14.jar;C:\Users\bum39705\.m2\repository\dom4j\dom4j\1.6.1\dom4j-1.6.1.jar;C:\Users\bum39705\.m2\repository\xml-apis\xml-apis\1.0.b2\xml-apis-1.0.b2.jar;C:\Users\bum39705\.m2\repository\jaxen\jaxen\1.2.0\jaxen-1.2.0.jar;C:\Users\bum39705\.m2\repository\velocity\velocity\1.5\velocity-1.5.jar;C:\Users\bum39705\.m2\repository\commons-collections\commons-collections\3.1\commons-collections-3.1.jar;C:\Users\bum39705\.m2\repository\commons-lang\commons-lang\2.1\commons-lang-2.1.jar;C:\Users\bum39705\.m2\repository\oro\oro\2.0.8\oro-2.0.8.jar;C:\Users\bum39705\.m2\repository\commons-io\commons-io\1.3.2\commons-io-1.3.2.jar;C:\Users\bum39705\.m2\repository\junit\junit\4.12\junit-4.12.jar;C:\Users\bum39705\.m2\repository\org\hamcrest\hamcrest-core\1.3\hamcrest-core-1.3.jar;"/>
    <property name="java.vm.vendor" value="Oracle Corporation"/>
    <property name="sun.arch.data.model" value="64"/>
    <property name="user.variant" value=""/>
    <property name="java.vendor.url" value="https://java.oracle.com/"/>
    <property name="user.timezone" value="Europe/Berlin"/>
    <property name="os.name" value="Windows 10"/>
    <property name="java.vm.specification.version" value="13"/>
    <property name="sun.java.launcher" value="SUN_STANDARD"/>
    <property name="user.country" value="DE"/>
    <property name="sun.boot.library.path" value="C:\java\jdk-13\bin"/>
    <property name="sun.java.command" value="C:\Users\bum39705\AppData\Local\Temp\surefire10498196348010810090\surefirebooter4337527115721907312.jar C:\Users\bum39705\AppData\Local\Temp\surefire10498196348010810090 2020-04-22T09-27-53_017-jvmRun1 surefire10826648220392853903tmp surefire_016449678583481163338tmp"/>
    <property name="jdk.debug" value="release"/>
    <property name="surefire.test.class.path" value="D:\maventests\multifromscratch\simple-weather\target\test-classes;D:\maventests\multifromscratch\simple-weather\target\classes;C:\Users\bum39705\.m2\repository\log4j\log4j\1.2.14\log4j-1.2.14.jar;C:\Users\bum39705\.m2\repository\dom4j\dom4j\1.6.1\dom4j-1.6.1.jar;C:\Users\bum39705\.m2\repository\xml-apis\xml-apis\1.0.b2\xml-apis-1.0.b2.jar;C:\Users\bum39705\.m2\repository\jaxen\jaxen\1.2.0\jaxen-1.2.0.jar;C:\Users\bum39705\.m2\repository\velocity\velocity\1.5\velocity-1.5.jar;C:\Users\bum39705\.m2\repository\commons-collections\commons-collections\3.1\commons-collections-3.1.jar;C:\Users\bum39705\.m2\repository\commons-lang\commons-lang\2.1\commons-lang-2.1.jar;C:\Users\bum39705\.m2\repository\oro\oro\2.0.8\oro-2.0.8.jar;C:\Users\bum39705\.m2\repository\commons-io\commons-io\1.3.2\commons-io-1.3.2.jar;C:\Users\bum39705\.m2\repository\junit\junit\4.12\junit-4.12.jar;C:\Users\bum39705\.m2\repository\org\hamcrest\hamcrest-core\1.3\hamcrest-core-1.3.jar;"/>
    <property name="sun.cpu.endian" value="little"/>
    <property name="user.home" value="C:\Users\bum39705"/>
    <property name="user.language" value="de"/>
    <property name="java.specification.vendor" value="Oracle Corporation"/>
    <property name="java.version.date" value="2019-09-17"/>
    <property name="java.home" value="C:\java\jdk-13"/>
    <property name="file.separator" value="\"/>
    <property name="basedir" value="D:\maventests\multifromscratch\simple-weather"/>
    <property name="java.vm.compressedOopsMode" value="Zero based"/>
    <property name="line.separator" value="&#10;"/>
    <property name="java.vm.specification.vendor" value="Oracle Corporation"/>
    <property name="java.specification.name" value="Java Platform API Specification"/>
    <property name="surefire.real.class.path" value="C:\Users\bum39705\AppData\Local\Temp\surefire10498196348010810090\surefirebooter4337527115721907312.jar"/>
    <property name="user.script" value=""/>
    <property name="sun.management.compiler" value="HotSpot 64-Bit Tiered Compilers"/>
    <property name="java.runtime.version" value="13+33"/>
    <property name="user.name" value="bum39705"/>
    <property name="path.separator" value=";"/>
    <property name="os.version" value="10.0"/>
    <property name="java.runtime.name" value="OpenJDK Runtime Environment"/>
    <property name="file.encoding" value="Cp1252"/>
    <property name="java.vm.name" value="OpenJDK 64-Bit Server VM"/>
    <property name="localRepository" value="C:\Users\bum39705\.m2\repository"/>
    <property name="java.vendor.url.bug" value="https://bugreport.java.com/bugreport/"/>
    <property name="java.io.tmpdir" value="C:\Users\bum39705\AppData\Local\Temp\"/>
    <property name="java.version" value="13"/>
    <property name="user.dir" value="D:\maventests\multifromscratch\simple-weather"/>
    <property name="os.arch" value="amd64"/>
    <property name="java.vm.specification.name" value="Java Virtual Machine Specification"/>
    <property name="sun.os.patch.level" value=""/>
    <property name="java.library.path" value="C:\java\jdk-13\bin;C:\WINDOWS\Sun\Java\bin;C:\WINDOWS\system32;C:\WINDOWS;C:\Program Files (x86)\Common Files\Oracle\Java\javapath;C:\WINDOWS\system32;C:\WINDOWS;C:\WINDOWS\System32\Wbem;C:\WINDOWS\System32\WindowsPowerShell\v1.0\;C:\WINDOWS\System32\OpenSSH\;C:\Program Files\MiKTeX 2.9\miktex\bin\x64\;C:\Program Files (x86)\CodeBlocks\MinGW\bin;D:\maven\apache-maven-3.6.3\bin;C:\Program Files\Docker\Docker\resources\bin;C:\ProgramData\DockerDesktop\version-bin;D:\apache_subversion\bin;C:\Users\bum39705\AppData\Local\Microsoft\WindowsApps;D:\Programme\git\Git\cmd;."/>
    <property name="java.vm.info" value="mixed mode, sharing"/>
    <property name="java.vendor" value="Oracle Corporation"/>
    <property name="java.vm.version" value="13+33"/>
    <property name="sun.io.unicode.encoding" value="UnicodeLittle"/>
    <property name="java.class.version" value="57.0"/>
  </properties>
  <testcase name="testParser" classname="org.sonatype.mavenbook.weather.YahooParserTest" time="0.005"/>
</testsuite>